<?xml version="1.0" encoding="UTF-8"?>
<coverage generated="1690468657001" clover="3.2.0">
  <project timestamp="1690468657001" name="All files">
    <metrics statements="15" coveredstatements="13" conditionals="8" coveredconditionals="4" methods="4" coveredmethods="3" elements="27" coveredelements="20" complexity="0" loc="15" ncloc="15" packages="1" files="2" classes="2"/>
    <file name="addTodo.js" path="D:\MicroVerse\Projects\ToDoList\src\addTodo.js">
      <metrics statements="4" coveredstatements="4" conditionals="2" coveredconditionals="2" methods="1" coveredmethods="1"/>
      <line num="2" count="4" type="cond" truecount="2" falsecount="0"/>
      <line num="4" count="4" type="stmt"/>
      <line num="9" count="4" type="stmt"/>
      <line num="10" count="4" type="stmt"/>
    </file>
    <file name="deleteTodo.js" path="D:\MicroVerse\Projects\ToDoList\src\deleteTodo.js">
      <metrics statements="11" coveredstatements="9" conditionals="6" coveredconditionals="2" methods="3" coveredmethods="2"/>
      <line num="2" count="1" type="cond" truecount="1" falsecount="1"/>
      <line num="3" count="1" type="cond" truecount="1" falsecount="1"/>
      <line num="4" count="1" type="stmt"/>
      <line num="5" count="1" type="stmt"/>
      <line num="6" count="1" type="stmt"/>
      <line num="7" count="1" type="stmt"/>
      <line num="8" count="1" type="stmt"/>
      <line num="9" count="0" type="cond" truecount="0" falsecount="2"/>
      <line num="11" count="1" type="stmt"/>
      <line num="12" count="1" type="stmt"/>
      <line num="15" count="0" type="stmt"/>
    </file>
  </project>
</coverage>
