{"D:\\MicroVerse\\Projects\\ToDoList\\src\\addTodo.js": {"path":"D:\\MicroVerse\\Projects\\ToDoList\\src\\addTodo.js","statementMap":{"0":{"start":{"line":2,"column":16},"end":{"line":2,"column":63}},"1":{"start":{"line":4,"column":15},"end":{"line":8,"column":3}},"2":{"start":{"line":9,"column":2},"end":{"line":9,"column":19}},"3":{"start":{"line":10,"column":2},"end":{"line":10,"column":55}}},"fnMap":{"0":{"name":"addTodos","decl":{"start":{"line":1,"column":9},"end":{"line":1,"column":17}},"loc":{"start":{"line":1,"column":31},"end":{"line":11,"column":1}},"line":1}},"branchMap":{"0":{"loc":{"start":{"line":2,"column":16},"end":{"line":2,"column":63}},"type":"binary-expr","locations":[{"start":{"line":2,"column":16},"end":{"line":2,"column":57}},{"start":{"line":2,"column":61},"end":{"line":2,"column":63}}],"line":2}},"s":{"0":4,"1":4,"2":4,"3":4},"f":{"0":4},"b":{"0":[4,3]},"_coverageSchema":"1a1c01bbd47fc00a2c39e90264f33305004495a9","hash":"334a34333ce621cbf7f30e474ba799b9f0d4bc6d"}
,"D:\\MicroVerse\\Projects\\ToDoList\\src\\deleteTodo.js": {"path":"D:\\MicroVerse\\Projects\\ToDoList\\src\\deleteTodo.js","statementMap":{"0":{"start":{"line":2,"column":4},"end":{"line":13,"column":5}},"1":{"start":{"line":3,"column":19},"end":{"line":3,"column":66}},"2":{"start":{"line":4,"column":19},"end":{"line":4,"column":54}},"3":{"start":{"line":5,"column":20},"end":{"line":5,"column":35}},"4":{"start":{"line":6,"column":6},"end":{"line":6,"column":65}},"5":{"start":{"line":6,"column":41},"end":{"line":6,"column":63}},"6":{"start":{"line":7,"column":6},"end":{"line":7,"column":29}},"7":{"start":{"line":8,"column":6},"end":{"line":10,"column":9}},"8":{"start":{"line":9,"column":8},"end":{"line":9,"column":56}},"9":{"start":{"line":9,"column":36},"end":{"line":9,"column":54}},"10":{"start":{"line":11,"column":6},"end":{"line":11,"column":60}},"11":{"start":{"line":12,"column":6},"end":{"line":12,"column":18}},"12":{"start":{"line":15,"column":4},"end":{"line":15,"column":17}}},"fnMap":{"0":{"name":"removeTodos","decl":{"start":{"line":1,"column":9},"end":{"line":1,"column":20}},"loc":{"start":{"line":1,"column":27},"end":{"line":16,"column":3}},"line":1},"1":{"name":"(anonymous_1)","decl":{"start":{"line":6,"column":29},"end":{"line":6,"column":30}},"loc":{"start":{"line":6,"column":41},"end":{"line":6,"column":63}},"line":6},"2":{"name":"(anonymous_2)","decl":{"start":{"line":8,"column":21},"end":{"line":8,"column":22}},"loc":{"start":{"line":8,"column":33},"end":{"line":10,"column":7}},"line":8}},"branchMap":{"0":{"loc":{"start":{"line":2,"column":4},"end":{"line":13,"column":5}},"type":"if","locations":[{"start":{"line":2,"column":4},"end":{"line":13,"column":5}},{"start":{},"end":{}}],"line":2},"1":{"loc":{"start":{"line":3,"column":19},"end":{"line":3,"column":66}},"type":"binary-expr","locations":[{"start":{"line":3,"column":19},"end":{"line":3,"column":60}},{"start":{"line":3,"column":64},"end":{"line":3,"column":66}}],"line":3},"2":{"loc":{"start":{"line":9,"column":8},"end":{"line":9,"column":56}},"type":"if","locations":[{"start":{"line":9,"column":8},"end":{"line":9,"column":56}},{"start":{},"end":{}}],"line":9}},"s":{"0":1,"1":1,"2":1,"3":1,"4":1,"5":1,"6":1,"7":1,"8":0,"9":0,"10":1,"11":1,"12":0},"f":{"0":1,"1":1,"2":0},"b":{"0":[1,0],"1":[1,0],"2":[0,0]},"_coverageSchema":"1a1c01bbd47fc00a2c39e90264f33305004495a9","hash":"fba9b4cae5d7cc0cb4d48a20a1192e7444bd324d"}
}
