TN:
SF:src\addTodo.js
FN:1,addTodos
FNF:1
FNH:1
FNDA:4,addTodos
DA:2,4
DA:4,4
DA:9,4
DA:10,4
LF:4
LH:4
BRDA:2,0,0,4
BRDA:2,0,1,3
BRF:2
BRH:2
end_of_record
TN:
SF:src\deleteTodo.js
FN:1,removeTodos
FN:6,(anonymous_1)
FN:8,(anonymous_2)
FNF:3
FNH:2
FNDA:1,removeTodos
FNDA:1,(anonymous_1)
FNDA:0,(anonymous_2)
DA:2,1
DA:3,1
DA:4,1
DA:5,1
DA:6,1
DA:7,1
DA:8,1
DA:9,0
DA:11,1
DA:12,1
DA:15,0
LF:11
LH:9
BRDA:2,0,0,1
BRDA:2,0,1,0
BRDA:3,1,0,1
BRDA:3,1,1,0
BRDA:9,2,0,0
BRDA:9,2,1,0
BRF:6
BRH:2
end_of_record
